<?xml version="1.0" encoding="UTF-8"?>
<!-- Generated by org.testng.reporters.JUnitReportReporter -->
<testsuite hostname="PRFT-16775" failures="0" tests="1" name="xbox.testcases.XboxDuskamoTest" time="3.313" errors="0" timestamp="28 Jan 2022 20:17:25 GMT">
  <testcase classname="xbox.testcases.XboxDuskamoTest" name="open" time="3.313"/>
</testsuite> <!-- xbox.testcases.XboxDuskamoTest -->
