<?xml version="1.0" encoding="UTF-8"?>
<!-- Generated by org.testng.reporters.JUnitReportReporter -->
<testsuite hostname="PRFT-16775" failures="0" tests="1" name="xbox.testcases.XboxVerify" time="5.213" errors="0" timestamp="28 Jan 2022 15:41:43 GMT">
  <testcase classname="xbox.testcases.XboxVerify" name="open" time="5.213"/>
</testsuite> <!-- xbox.testcases.XboxVerify -->
