<?xml version="1.0" encoding="UTF-8"?>
<!-- Generated by org.testng.reporters.JUnitReportReporter -->
<testsuite hostname="PRFT-16775" failures="0" tests="1" name="xbox.testcases.XboxLeaderboardTest" time="2.020" errors="0" timestamp="28 Jan 2022 20:01:28 GMT">
  <testcase classname="xbox.testcases.XboxLeaderboardTest" name="open" time="2.020"/>
</testsuite> <!-- xbox.testcases.XboxLeaderboardTest -->
