<?xml version="1.0" encoding="UTF-8"?>
<!-- Generated by org.testng.reporters.JUnitReportReporter -->
<testsuite hostname="PRFT-16775" failures="0" tests="1" name="xbox.testcases.XboxDuskamoTest" time="2.146" errors="0" timestamp="28 Jan 2022 17:04:51 GMT">
  <testcase classname="xbox.testcases.XboxDuskamoTest" name="open" time="2.146"/>
</testsuite> <!-- xbox.testcases.XboxDuskamoTest -->
